c:\users\shiraki\desktop\プログラム\nn_ver14\nn\debug\vc140.pdb
c:\users\shiraki\desktop\プログラム\nn_ver14\nn\debug\vc140.idb
c:\users\shiraki\desktop\プログラム\nn_ver14\nn\debug\agent.obj
c:\users\shiraki\desktop\プログラム\nn_ver14\nn\debug\config.obj
c:\users\shiraki\desktop\プログラム\nn_ver14\nn\debug\dl.obj
c:\users\shiraki\desktop\プログラム\nn_ver14\nn\debug\load_matrix.obj
c:\users\shiraki\desktop\プログラム\nn_ver14\nn\debug\main.obj
c:\users\shiraki\desktop\プログラム\nn_ver14\nn\debug\cfgfile.obj
c:\users\shiraki\desktop\プログラム\nn_ver14\nn\debug\misc.obj
c:\users\shiraki\desktop\プログラム\nn_ver14\nn\debug\nn.obj
c:\users\shiraki\desktop\プログラム\nn_ver14\debug\nn.pdb
c:\users\shiraki\desktop\プログラム\nn_ver14\nn\debug\nn.tlog\cl.command.1.tlog
c:\users\shiraki\desktop\プログラム\nn_ver14\nn\debug\nn.tlog\cl.read.1.tlog
c:\users\shiraki\desktop\プログラム\nn_ver14\nn\debug\nn.tlog\cl.write.1.tlog
c:\users\shiraki\desktop\プログラム\nn_ver14\nn\debug\nn.tlog\link-cvtres.read.1.tlog
c:\users\shiraki\desktop\プログラム\nn_ver14\nn\debug\nn.tlog\link-cvtres.write.1.tlog
c:\users\shiraki\desktop\プログラム\nn_ver14\nn\debug\nn.tlog\link-rc.read.1.tlog
c:\users\shiraki\desktop\プログラム\nn_ver14\nn\debug\nn.tlog\link-rc.write.1.tlog
c:\users\shiraki\desktop\プログラム\nn_ver14\nn\debug\nn.tlog\link.command.1.tlog
c:\users\shiraki\desktop\プログラム\nn_ver14\nn\debug\nn.tlog\link.read.1.tlog
c:\users\shiraki\desktop\プログラム\nn_ver14\nn\debug\nn.tlog\link.write.1.tlog
